C:\USERS\ALDO\PROJECTS\AISANDBOX\AISANDBOX\DEBUG\AISANDBOX.EXE.EMBED.MANIFEST
C:\USERS\ALDO\PROJECTS\AISANDBOX\AISANDBOX\DEBUG\AISANDBOX.EXE.EMBED.MANIFEST.RES
C:\USERS\ALDO\PROJECTS\AISANDBOX\AISANDBOX\DEBUG\AISANDBOX.EXE.INTERMEDIATE.MANIFEST
C:\Users\Aldo\Projects\AISandbox\AISandbox\Debug\AISandbox_manifest.rc
C:\USERS\ALDO\PROJECTS\AISANDBOX\AISANDBOX\DEBUG\ANGLECONVERT.OBJ
C:\Users\Aldo\Projects\AISandbox\AISandbox\Debug\cl.command.1.tlog
C:\Users\Aldo\Projects\AISandbox\AISandbox\Debug\CL.read.1.tlog
C:\Users\Aldo\Projects\AISandbox\AISandbox\Debug\CL.write.1.tlog
C:\Users\Aldo\Projects\AISandbox\AISandbox\Debug\link.11796.read.1.tlog
C:\Users\Aldo\Projects\AISandbox\AISandbox\Debug\link.11796.write.1.tlog
C:\Users\Aldo\Projects\AISandbox\AISandbox\Debug\link.11796-cvtres.read.1.tlog
C:\Users\Aldo\Projects\AISandbox\AISandbox\Debug\link.11796-cvtres.write.1.tlog
C:\Users\Aldo\Projects\AISandbox\AISandbox\Debug\link.13160.read.1.tlog
C:\Users\Aldo\Projects\AISandbox\AISandbox\Debug\link.13160.write.1.tlog
C:\Users\Aldo\Projects\AISandbox\AISandbox\Debug\link.13160-cvtres.read.1.tlog
C:\Users\Aldo\Projects\AISandbox\AISandbox\Debug\link.13160-cvtres.write.1.tlog
C:\Users\Aldo\Projects\AISandbox\AISandbox\Debug\link.6796.read.1.tlog
C:\Users\Aldo\Projects\AISandbox\AISandbox\Debug\link.6796.write.1.tlog
C:\Users\Aldo\Projects\AISandbox\AISandbox\Debug\link.6796-cvtres.read.1.tlog
C:\Users\Aldo\Projects\AISandbox\AISandbox\Debug\link.6796-cvtres.write.1.tlog
C:\Users\Aldo\Projects\AISandbox\AISandbox\Debug\link.8268.read.1.tlog
C:\Users\Aldo\Projects\AISandbox\AISandbox\Debug\link.8268.write.1.tlog
C:\Users\Aldo\Projects\AISandbox\AISandbox\Debug\link.8268-cvtres.read.1.tlog
C:\Users\Aldo\Projects\AISandbox\AISandbox\Debug\link.8268-cvtres.write.1.tlog
C:\Users\Aldo\Projects\AISandbox\AISandbox\Debug\link.9244.read.1.tlog
C:\Users\Aldo\Projects\AISandbox\AISandbox\Debug\link.9244.write.1.tlog
C:\Users\Aldo\Projects\AISandbox\AISandbox\Debug\link.9244-cvtres.read.1.tlog
C:\Users\Aldo\Projects\AISandbox\AISandbox\Debug\link.9244-cvtres.write.1.tlog
C:\Users\Aldo\Projects\AISandbox\AISandbox\Debug\link.9400.read.1.tlog
C:\Users\Aldo\Projects\AISandbox\AISandbox\Debug\link.9400.write.1.tlog
C:\Users\Aldo\Projects\AISandbox\AISandbox\Debug\link.9400-cvtres.read.1.tlog
C:\Users\Aldo\Projects\AISandbox\AISandbox\Debug\link.9400-cvtres.write.1.tlog
C:\Users\Aldo\Projects\AISandbox\AISandbox\Debug\link.9756.read.1.tlog
C:\Users\Aldo\Projects\AISandbox\AISandbox\Debug\link.9756.write.1.tlog
C:\Users\Aldo\Projects\AISandbox\AISandbox\Debug\link.9756-cvtres.read.1.tlog
C:\Users\Aldo\Projects\AISandbox\AISandbox\Debug\link.9756-cvtres.write.1.tlog
C:\Users\Aldo\Projects\AISandbox\AISandbox\Debug\link.command.1.tlog
C:\Users\Aldo\Projects\AISandbox\AISandbox\Debug\link.read.1.tlog
C:\Users\Aldo\Projects\AISandbox\AISandbox\Debug\link.write.1.tlog
C:\Users\Aldo\Projects\AISandbox\AISandbox\Debug\link-cvtres.read.1.tlog
C:\Users\Aldo\Projects\AISandbox\AISandbox\Debug\link-cvtres.write.1.tlog
C:\USERS\ALDO\PROJECTS\AISANDBOX\AISANDBOX\DEBUG\MAIN.OBJ
C:\Users\Aldo\Projects\AISandbox\AISandbox\Debug\mt.command.1.tlog
C:\Users\Aldo\Projects\AISandbox\AISandbox\Debug\mt.read.1.tlog
C:\Users\Aldo\Projects\AISandbox\AISandbox\Debug\mt.write.1.tlog
C:\USERS\ALDO\PROJECTS\AISANDBOX\AISANDBOX\DEBUG\NPC.OBJ
C:\Users\Aldo\Projects\AISandbox\AISandbox\Debug\rc.command.1.tlog
C:\Users\Aldo\Projects\AISandbox\AISandbox\Debug\rc.read.1.tlog
C:\Users\Aldo\Projects\AISandbox\AISandbox\Debug\rc.write.1.tlog
C:\Users\Aldo\Projects\AISandbox\AISandbox\Debug\vc100.idb
C:\USERS\ALDO\PROJECTS\AISANDBOX\AISANDBOX\DEBUG\VC100.PDB
C:\USERS\ALDO\PROJECTS\AISANDBOX\DEBUG\AISANDBOX.EXE
C:\USERS\ALDO\PROJECTS\AISANDBOX\DEBUG\AISANDBOX.ILK
C:\USERS\ALDO\PROJECTS\AISANDBOX\DEBUG\AISANDBOX.PDB
